This file contains any messages produced by compilers while
running configure, to aid debugging if configure makes a mistake.

It was created by libmogfs++ configure 0.1, which was
generated by GNU Autoconf 2.68.  Invocation command line was

  $ ./configure --prefix=/usr --enable-silent-rules

## --------- ##
## Platform. ##
## --------- ##

hostname = jesus
uname -m = x86_64
uname -r = 3.4.0-sabayon
uname -s = Linux
uname -v = #1 SMP Thu Jun 14 20:12:30 UTC 2012

/usr/bin/uname -p = Intel(R) Xeon(R) CPU E31220 @ 3.10GHz
/bin/uname -X     = unknown

/bin/arch              = unknown
/usr/bin/arch -k       = unknown
/usr/convex/getsysinfo = unknown
/usr/bin/hostinfo      = unknown
/bin/machine           = unknown
/usr/bin/oslevel       = unknown
/bin/universe          = unknown

PATH: /usr/local/java/bin
PATH: /usr/local/ant/bin
PATH: /usr/local/bin
PATH: /usr/bin
PATH: /bin
PATH: /opt/bin
PATH: /usr/x86_64-pc-linux-gnu/gcc-bin/4.6.2
PATH: /usr/games/bin
PATH: /opt/ec2-api-tools/bin


## ----------- ##
## Core tests. ##
## ----------- ##

configure:2362: checking for a BSD-compatible install
configure:2430: result: /usr/bin/install -c
configure:2441: checking whether build environment is sane
configure:2491: result: yes
configure:2632: checking for a thread-safe mkdir -p
configure:2671: result: /bin/mkdir -p
configure:2684: checking for gawk
configure:2700: found /usr/bin/gawk
configure:2711: result: gawk
configure:2722: checking whether make sets $(MAKE)
configure:2744: result: yes
configure:2901: checking for g++
configure:2917: found /usr/bin/g++
configure:2928: result: g++
configure:2955: checking for C++ compiler version
configure:2964: g++ --version >&5
g++ (Gentoo Hardened 4.6.2 p1.0, pie-0.4.5) 4.6.2
Copyright (C) 2011 Free Software Foundation, Inc.
This is free software; see the source for copying conditions.  There is NO
warranty; not even for MERCHANTABILITY or FITNESS FOR A PARTICULAR PURPOSE.

configure:2975: $? = 0
configure:2964: g++ -v >&5
Using built-in specs.
Reading specs from /usr/lib/gcc/x86_64-pc-linux-gnu/4.6.2/vanilla.specs
Reading specs from /usr/lib/gcc/x86_64-pc-linux-gnu/4.6.2/hardenednossp.specs
Reading specs from /usr/lib/gcc/x86_64-pc-linux-gnu/4.6.2/hardenednopie.specs
COLLECT_GCC=/usr/x86_64-pc-linux-gnu/gcc-bin/4.6.2/g++
COLLECT_LTO_WRAPPER=/usr/libexec/gcc/x86_64-pc-linux-gnu/4.6.2/lto-wrapper
Target: x86_64-pc-linux-gnu
Configured with: /var/tmp/portage/sys-devel/gcc-4.6.2/work/gcc-4.6.2/configure --prefix=/usr --bindir=/usr/x86_64-pc-linux-gnu/gcc-bin/4.6.2 --includedir=/usr/lib/gcc/x86_64-pc-linux-gnu/4.6.2/include --datadir=/usr/share/gcc-data/x86_64-pc-linux-gnu/4.6.2 --mandir=/usr/share/gcc-data/x86_64-pc-linux-gnu/4.6.2/man --infodir=/usr/share/gcc-data/x86_64-pc-linux-gnu/4.6.2/info --with-gxx-include-dir=/usr/lib/gcc/x86_64-pc-linux-gnu/4.6.2/include/g++-v4 --host=x86_64-pc-linux-gnu --build=x86_64-pc-linux-gnu --disable-altivec --disable-fixed-point --with-ppl --with-cloog --disable-ppl-version-check --with-cloog-include=/usr/include/cloog-ppl --enable-lto --enable-nls --without-included-gettext --with-system-zlib --disable-werror --enable-secureplt --enable-multilib --enable-libmudflap --disable-libssp --enable-esp --enable-libgomp --with-python-dir=/share/gcc-data/x86_64-pc-linux-gnu/4.6.2/python --enable-checking=release --enable-objc-gc --enable-languages=c,c++,java,objc,obj-c++,fortran --enable-shared --enable-threads=posix --enable-__cxa_atexit --enable-clocale=gnu --enable-targets=all --with-bugurl=http://bugs.gentoo.org/ --with-pkgversion='Gentoo Hardened 4.6.2 p1.0, pie-0.4.5'
Thread model: posix
gcc version 4.6.2 (Gentoo Hardened 4.6.2 p1.0, pie-0.4.5) 
... rest of stderr output deleted ...
configure:2975: $? = 0
configure:2964: g++ -V >&5
g++: error: unrecognized option '-V'
g++: fatal error: no input files
compilation terminated.
configure:2975: $? = 1
configure:2964: g++ -qversion >&5
g++: error: unrecognized option '-qversion'
g++: fatal error: no input files
compilation terminated.
configure:2975: $? = 1
configure:2995: checking whether the C++ compiler works
configure:3017: g++    conftest.cpp  >&5
configure:3021: $? = 0
configure:3069: result: yes
configure:3072: checking for C++ compiler default output file name
configure:3074: result: a.out
configure:3080: checking for suffix of executables
configure:3087: g++ -o conftest    conftest.cpp  >&5
configure:3091: $? = 0
configure:3113: result: 
configure:3135: checking whether we are cross compiling
configure:3143: g++ -o conftest    conftest.cpp  >&5
configure:3147: $? = 0
configure:3154: ./conftest
configure:3158: $? = 0
configure:3173: result: no
configure:3178: checking for suffix of object files
configure:3200: g++ -c   conftest.cpp >&5
configure:3204: $? = 0
configure:3225: result: o
configure:3229: checking whether we are using the GNU C++ compiler
configure:3248: g++ -c   conftest.cpp >&5
configure:3248: $? = 0
configure:3257: result: yes
configure:3266: checking whether g++ accepts -g
configure:3286: g++ -c -g  conftest.cpp >&5
configure:3286: $? = 0
configure:3327: result: yes
configure:3361: checking for style of include used by make
configure:3389: result: GNU
configure:3414: checking dependency style of g++
configure:3524: result: gcc3
configure:3587: checking for gcc
configure:3603: found /usr/bin/gcc
configure:3614: result: gcc
configure:3843: checking for C compiler version
configure:3852: gcc --version >&5
gcc (Gentoo Hardened 4.6.2 p1.0, pie-0.4.5) 4.6.2
Copyright (C) 2011 Free Software Foundation, Inc.
This is free software; see the source for copying conditions.  There is NO
warranty; not even for MERCHANTABILITY or FITNESS FOR A PARTICULAR PURPOSE.

configure:3863: $? = 0
configure:3852: gcc -v >&5
Using built-in specs.
Reading specs from /usr/lib/gcc/x86_64-pc-linux-gnu/4.6.2/vanilla.specs
Reading specs from /usr/lib/gcc/x86_64-pc-linux-gnu/4.6.2/hardenednossp.specs
Reading specs from /usr/lib/gcc/x86_64-pc-linux-gnu/4.6.2/hardenednopie.specs
COLLECT_GCC=/usr/x86_64-pc-linux-gnu/gcc-bin/4.6.2/gcc
COLLECT_LTO_WRAPPER=/usr/libexec/gcc/x86_64-pc-linux-gnu/4.6.2/lto-wrapper
Target: x86_64-pc-linux-gnu
Configured with: /var/tmp/portage/sys-devel/gcc-4.6.2/work/gcc-4.6.2/configure --prefix=/usr --bindir=/usr/x86_64-pc-linux-gnu/gcc-bin/4.6.2 --includedir=/usr/lib/gcc/x86_64-pc-linux-gnu/4.6.2/include --datadir=/usr/share/gcc-data/x86_64-pc-linux-gnu/4.6.2 --mandir=/usr/share/gcc-data/x86_64-pc-linux-gnu/4.6.2/man --infodir=/usr/share/gcc-data/x86_64-pc-linux-gnu/4.6.2/info --with-gxx-include-dir=/usr/lib/gcc/x86_64-pc-linux-gnu/4.6.2/include/g++-v4 --host=x86_64-pc-linux-gnu --build=x86_64-pc-linux-gnu --disable-altivec --disable-fixed-point --with-ppl --with-cloog --disable-ppl-version-check --with-cloog-include=/usr/include/cloog-ppl --enable-lto --enable-nls --without-included-gettext --with-system-zlib --disable-werror --enable-secureplt --enable-multilib --enable-libmudflap --disable-libssp --enable-esp --enable-libgomp --with-python-dir=/share/gcc-data/x86_64-pc-linux-gnu/4.6.2/python --enable-checking=release --enable-objc-gc --enable-languages=c,c++,java,objc,obj-c++,fortran --enable-shared --enable-threads=posix --enable-__cxa_atexit --enable-clocale=gnu --enable-targets=all --with-bugurl=http://bugs.gentoo.org/ --with-pkgversion='Gentoo Hardened 4.6.2 p1.0, pie-0.4.5'
Thread model: posix
gcc version 4.6.2 (Gentoo Hardened 4.6.2 p1.0, pie-0.4.5) 
... rest of stderr output deleted ...
configure:3863: $? = 0
configure:3852: gcc -V >&5
gcc: error: unrecognized option '-V'
gcc: fatal error: no input files
compilation terminated.
configure:3863: $? = 1
configure:3852: gcc -qversion >&5
gcc: error: unrecognized option '-qversion'
gcc: fatal error: no input files
compilation terminated.
configure:3863: $? = 1
configure:3867: checking whether we are using the GNU C compiler
configure:3886: gcc -c   conftest.c >&5
configure:3886: $? = 0
configure:3895: result: yes
configure:3904: checking whether gcc accepts -g
configure:3924: gcc -c -g  conftest.c >&5
configure:3924: $? = 0
configure:3965: result: yes
configure:3982: checking for gcc option to accept ISO C89
configure:4046: gcc  -c -g -O2  conftest.c >&5
configure:4046: $? = 0
configure:4059: result: none needed
configure:4081: checking dependency style of gcc
configure:4191: result: gcc3
configure:4238: checking build system type
configure:4252: result: x86_64-unknown-linux-gnu
configure:4272: checking host system type
configure:4285: result: x86_64-unknown-linux-gnu
configure:4326: checking how to print strings
configure:4353: result: printf
configure:4374: checking for a sed that does not truncate output
configure:4438: result: /bin/sed
configure:4456: checking for grep that handles long lines and -e
configure:4514: result: /bin/grep
configure:4519: checking for egrep
configure:4581: result: /bin/grep -E
configure:4586: checking for fgrep
configure:4648: result: /bin/grep -F
configure:4683: checking for ld used by gcc
configure:4750: result: /usr/x86_64-pc-linux-gnu/bin/ld
configure:4757: checking if the linker (/usr/x86_64-pc-linux-gnu/bin/ld) is GNU ld
configure:4772: result: yes
configure:4784: checking for BSD- or MS-compatible name lister (nm)
configure:4833: result: /usr/bin/nm -B
configure:4963: checking the name lister (/usr/bin/nm -B) interface
configure:4970: g++ -c -g -O2  conftest.cpp >&5
configure:4973: /usr/bin/nm -B "conftest.o"
configure:4976: output
0000000000000000 B some_variable
configure:4983: result: BSD nm
configure:4986: checking whether ln -s works
configure:4990: result: yes
configure:4998: checking the maximum length of command line arguments
configure:5123: result: 1572864
configure:5140: checking whether the shell understands some XSI constructs
configure:5150: result: yes
configure:5154: checking whether the shell understands "+="
configure:5160: result: yes
configure:5195: checking how to convert x86_64-unknown-linux-gnu file names to x86_64-unknown-linux-gnu format
configure:5235: result: func_convert_file_noop
configure:5242: checking how to convert x86_64-unknown-linux-gnu file names to toolchain format
configure:5262: result: func_convert_file_noop
configure:5269: checking for /usr/x86_64-pc-linux-gnu/bin/ld option to reload object files
configure:5276: result: -r
configure:5350: checking for objdump
configure:5366: found /usr/bin/objdump
configure:5377: result: objdump
configure:5409: checking how to recognize dependent libraries
configure:5611: result: pass_all
configure:5696: checking for dlltool
configure:5726: result: no
configure:5756: checking how to associate runtime and link libraries
configure:5783: result: printf %s\n
configure:5844: checking for ar
configure:5860: found /usr/bin/ar
configure:5871: result: ar
configure:5908: checking for archiver @FILE support
configure:5925: g++ -c -g -O2  conftest.cpp >&5
configure:5925: $? = 0
configure:5928: ar cru libconftest.a @conftest.lst >&5
configure:5931: $? = 0
configure:5936: ar cru libconftest.a @conftest.lst >&5
ar: conftest.o: No such file or directory
configure:5939: $? = 1
configure:5951: result: @
configure:6009: checking for strip
configure:6025: found /usr/bin/strip
configure:6036: result: strip
configure:6108: checking for ranlib
configure:6124: found /usr/bin/ranlib
configure:6135: result: ranlib
configure:6237: checking command to parse /usr/bin/nm -B output from gcc object
configure:6356: g++ -c -g -O2  conftest.cpp >&5
configure:6359: $? = 0
configure:6363: /usr/bin/nm -B conftest.o \| sed -n -e 's/^.*[ ]\([ABCDGIRSTW][ABCDGIRSTW]*\)[ ][ ]*\([_A-Za-z][_A-Za-z0-9]*\)$/\1 \2 \2/p' | sed '/ __gnu_lto/d' \> conftest.nm
configure:6366: $? = 0
configure:6432: g++ -o conftest -g -O2   conftest.cpp conftstm.o >&5
configure:6435: $? = 0
configure:6473: result: ok
configure:6510: checking for sysroot
configure:6540: result: no
configure:6618: g++ -c -g -O2  conftest.cpp >&5
configure:6621: $? = 0
configure:6784: checking for mt
configure:6814: result: no
configure:6834: checking if : is a manifest tool
configure:6840: : '-?'
configure:6848: result: no
configure:7480: checking how to run the C preprocessor
configure:7511: gcc -E  conftest.c
configure:7511: $? = 0
configure:7525: gcc -E  conftest.c
conftest.c:11:28: fatal error: ac_nonexistent.h: No such file or directory
compilation terminated.
configure:7525: $? = 1
configure: failed program was:
| /* confdefs.h */
| #define PACKAGE_NAME "libmogfs++"
| #define PACKAGE_TARNAME "libmogfspp"
| #define PACKAGE_VERSION "0.1"
| #define PACKAGE_STRING "libmogfs++ 0.1"
| #define PACKAGE_BUGREPORT "jesus@meetup.com"
| #define PACKAGE_URL ""
| #define PACKAGE "libmogfspp"
| #define VERSION "0.1"
| /* end confdefs.h.  */
| #include <ac_nonexistent.h>
configure:7550: result: gcc -E
configure:7570: gcc -E  conftest.c
configure:7570: $? = 0
configure:7584: gcc -E  conftest.c
conftest.c:11:28: fatal error: ac_nonexistent.h: No such file or directory
compilation terminated.
configure:7584: $? = 1
configure: failed program was:
| /* confdefs.h */
| #define PACKAGE_NAME "libmogfs++"
| #define PACKAGE_TARNAME "libmogfspp"
| #define PACKAGE_VERSION "0.1"
| #define PACKAGE_STRING "libmogfs++ 0.1"
| #define PACKAGE_BUGREPORT "jesus@meetup.com"
| #define PACKAGE_URL ""
| #define PACKAGE "libmogfspp"
| #define VERSION "0.1"
| /* end confdefs.h.  */
| #include <ac_nonexistent.h>
configure:7613: checking for ANSI C header files
configure:7633: gcc -c -g -O2  conftest.c >&5
configure:7633: $? = 0
configure:7706: gcc -o conftest -g -O2   conftest.c  >&5
configure:7706: $? = 0
configure:7706: ./conftest
configure:7706: $? = 0
configure:7717: result: yes
configure:7730: checking for sys/types.h
configure:7730: gcc -c -g -O2  conftest.c >&5
configure:7730: $? = 0
configure:7730: result: yes
configure:7730: checking for sys/stat.h
configure:7730: gcc -c -g -O2  conftest.c >&5
configure:7730: $? = 0
configure:7730: result: yes
configure:7730: checking for stdlib.h
configure:7730: gcc -c -g -O2  conftest.c >&5
configure:7730: $? = 0
configure:7730: result: yes
configure:7730: checking for string.h
configure:7730: gcc -c -g -O2  conftest.c >&5
configure:7730: $? = 0
configure:7730: result: yes
configure:7730: checking for memory.h
configure:7730: gcc -c -g -O2  conftest.c >&5
configure:7730: $? = 0
configure:7730: result: yes
configure:7730: checking for strings.h
configure:7730: gcc -c -g -O2  conftest.c >&5
configure:7730: $? = 0
configure:7730: result: yes
configure:7730: checking for inttypes.h
configure:7730: gcc -c -g -O2  conftest.c >&5
configure:7730: $? = 0
configure:7730: result: yes
configure:7730: checking for stdint.h
configure:7730: gcc -c -g -O2  conftest.c >&5
configure:7730: $? = 0
configure:7730: result: yes
configure:7730: checking for unistd.h
configure:7730: gcc -c -g -O2  conftest.c >&5
configure:7730: $? = 0
configure:7730: result: yes
configure:7744: checking for dlfcn.h
configure:7744: gcc -c -g -O2  conftest.c >&5
configure:7744: $? = 0
configure:7744: result: yes
configure:7941: checking for objdir
configure:7956: result: .libs
configure:8223: checking if gcc supports -fno-rtti -fno-exceptions
configure:8241: gcc -c -g -O2  -fno-rtti -fno-exceptions conftest.c >&5
cc1: warning: command line option '-fno-rtti' is valid for C++/ObjC++ but not for C [enabled by default]
configure:8245: $? = 0
configure:8258: result: no
configure:8568: checking for gcc option to produce PIC
configure:8575: result: -fPIC -DPIC
configure:8583: checking if gcc PIC flag -fPIC -DPIC works
configure:8601: gcc -c -g -O2  -fPIC -DPIC -DPIC conftest.c >&5
configure:8605: $? = 0
configure:8618: result: yes
configure:8647: checking if gcc static flag -static works
configure:8675: result: yes
configure:8690: checking if gcc supports -c -o file.o
configure:8711: gcc -c -g -O2  -o out/conftest2.o conftest.c >&5
configure:8715: $? = 0
configure:8737: result: yes
configure:8745: checking if gcc supports -c -o file.o
configure:8792: result: yes
configure:8825: checking whether the gcc linker (/usr/x86_64-pc-linux-gnu/bin/ld -m elf_x86_64) supports shared libraries
configure:9983: result: yes
configure:10020: checking whether -lc should be explicitly linked in
configure:10028: gcc -c -g -O2  conftest.c >&5
configure:10031: $? = 0
configure:10046: gcc -shared  -fPIC -DPIC conftest.o  -v -Wl,-soname -Wl,conftest -o conftest 2\>\&1 \| /bin/grep  -lc  \>/dev/null 2\>\&1
configure:10049: $? = 0
configure:10063: result: no
configure:10228: checking dynamic linker characteristics
configure:10755: gcc -o conftest -g -O2   -Wl,-rpath -Wl,/foo conftest.c  >&5
configure:10755: $? = 0
configure:10977: result: GNU/Linux ld.so
configure:11084: checking how to hardcode library paths into programs
configure:11109: result: immediate
configure:11649: checking whether stripping libraries is possible
configure:11654: result: yes
configure:11689: checking if libtool supports shared libraries
configure:11691: result: yes
configure:11694: checking whether to build shared libraries
configure:11715: result: yes
configure:11718: checking whether to build static libraries
configure:11722: result: yes
configure:11745: checking how to run the C++ preprocessor
configure:11772: g++ -E  conftest.cpp
configure:11772: $? = 0
configure:11786: g++ -E  conftest.cpp
conftest.cpp:23:28: fatal error: ac_nonexistent.h: No such file or directory
compilation terminated.
configure:11786: $? = 1
configure: failed program was:
| /* confdefs.h */
| #define PACKAGE_NAME "libmogfs++"
| #define PACKAGE_TARNAME "libmogfspp"
| #define PACKAGE_VERSION "0.1"
| #define PACKAGE_STRING "libmogfs++ 0.1"
| #define PACKAGE_BUGREPORT "jesus@meetup.com"
| #define PACKAGE_URL ""
| #define PACKAGE "libmogfspp"
| #define VERSION "0.1"
| #define STDC_HEADERS 1
| #define HAVE_SYS_TYPES_H 1
| #define HAVE_SYS_STAT_H 1
| #define HAVE_STDLIB_H 1
| #define HAVE_STRING_H 1
| #define HAVE_MEMORY_H 1
| #define HAVE_STRINGS_H 1
| #define HAVE_INTTYPES_H 1
| #define HAVE_STDINT_H 1
| #define HAVE_UNISTD_H 1
| #define HAVE_DLFCN_H 1
| #define LT_OBJDIR ".libs/"
| /* end confdefs.h.  */
| #include <ac_nonexistent.h>
configure:11811: result: g++ -E
configure:11831: g++ -E  conftest.cpp
configure:11831: $? = 0
configure:11845: g++ -E  conftest.cpp
conftest.cpp:23:28: fatal error: ac_nonexistent.h: No such file or directory
compilation terminated.
configure:11845: $? = 1
configure: failed program was:
| /* confdefs.h */
| #define PACKAGE_NAME "libmogfs++"
| #define PACKAGE_TARNAME "libmogfspp"
| #define PACKAGE_VERSION "0.1"
| #define PACKAGE_STRING "libmogfs++ 0.1"
| #define PACKAGE_BUGREPORT "jesus@meetup.com"
| #define PACKAGE_URL ""
| #define PACKAGE "libmogfspp"
| #define VERSION "0.1"
| #define STDC_HEADERS 1
| #define HAVE_SYS_TYPES_H 1
| #define HAVE_SYS_STAT_H 1
| #define HAVE_STDLIB_H 1
| #define HAVE_STRING_H 1
| #define HAVE_MEMORY_H 1
| #define HAVE_STRINGS_H 1
| #define HAVE_INTTYPES_H 1
| #define HAVE_STDINT_H 1
| #define HAVE_UNISTD_H 1
| #define HAVE_DLFCN_H 1
| #define LT_OBJDIR ".libs/"
| /* end confdefs.h.  */
| #include <ac_nonexistent.h>
configure:12015: checking for ld used by g++
configure:12082: result: /usr/x86_64-pc-linux-gnu/bin/ld -m elf_x86_64
configure:12089: checking if the linker (/usr/x86_64-pc-linux-gnu/bin/ld -m elf_x86_64) is GNU ld
configure:12104: result: yes
configure:12159: checking whether the g++ linker (/usr/x86_64-pc-linux-gnu/bin/ld -m elf_x86_64) supports shared libraries
configure:13163: result: yes
configure:13198: g++ -c -g -O2  conftest.cpp >&5
configure:13201: $? = 0
configure:13721: checking for g++ option to produce PIC
configure:13728: result: -fPIC -DPIC
configure:13736: checking if g++ PIC flag -fPIC -DPIC works
configure:13754: g++ -c -g -O2  -fPIC -DPIC -DPIC conftest.cpp >&5
configure:13758: $? = 0
configure:13771: result: yes
configure:13794: checking if g++ static flag -static works
configure:13822: result: yes
configure:13834: checking if g++ supports -c -o file.o
configure:13855: g++ -c -g -O2  -o out/conftest2.o conftest.cpp >&5
configure:13859: $? = 0
configure:13881: result: yes
configure:13886: checking if g++ supports -c -o file.o
configure:13933: result: yes
configure:13963: checking whether the g++ linker (/usr/x86_64-pc-linux-gnu/bin/ld -m elf_x86_64) supports shared libraries
configure:13997: result: yes
configure:14140: checking dynamic linker characteristics
configure:14823: result: GNU/Linux ld.so
configure:14876: checking how to hardcode library paths into programs
configure:14901: result: immediate
configure:15029: checking for pkg-config
configure:15047: found /usr/bin/pkg-config
configure:15059: result: /usr/bin/pkg-config
configure:15084: checking pkg-config is at least version 0.9.0
configure:15087: result: yes
configure:15097: checking for PCRECPP
configure:15104: $PKG_CONFIG --exists --print-errors "libpcrecpp >= 8.12"
configure:15107: $? = 0
configure:15121: $PKG_CONFIG --exists --print-errors "libpcrecpp >= 8.12"
configure:15124: $? = 0
configure:15162: result: yes
configure:15171: checking for CURL
configure:15178: $PKG_CONFIG --exists --print-errors "libpcrecpp >= 7.24"
configure:15181: $? = 0
configure:15195: $PKG_CONFIG --exists --print-errors "libpcrecpp >= 7.24"
configure:15198: $? = 0
configure:15236: result: yes
configure:15245: checking for SOCKETCPP
configure:15252: $PKG_CONFIG --exists --print-errors "socket++ >= 1.12"
configure:15255: $? = 0
configure:15269: $PKG_CONFIG --exists --print-errors "socket++ >= 1.12"
configure:15272: $? = 0
configure:15310: result: yes
configure:15319: checking for stdbool.h that conforms to C99
configure:15386: g++ -c -g -O2  conftest.cpp >&5
configure:15386: $? = 0
configure:15393: result: yes
configure:15395: checking for _Bool
configure:15395: g++ -c -g -O2  conftest.cpp >&5
conftest.cpp: In function 'int main()':
conftest.cpp:59:13: error: '_Bool' was not declared in this scope
configure:15395: $? = 1
configure: failed program was:
| /* confdefs.h */
| #define PACKAGE_NAME "libmogfs++"
| #define PACKAGE_TARNAME "libmogfspp"
| #define PACKAGE_VERSION "0.1"
| #define PACKAGE_STRING "libmogfs++ 0.1"
| #define PACKAGE_BUGREPORT "jesus@meetup.com"
| #define PACKAGE_URL ""
| #define PACKAGE "libmogfspp"
| #define VERSION "0.1"
| #define STDC_HEADERS 1
| #define HAVE_SYS_TYPES_H 1
| #define HAVE_SYS_STAT_H 1
| #define HAVE_STDLIB_H 1
| #define HAVE_STRING_H 1
| #define HAVE_MEMORY_H 1
| #define HAVE_STRINGS_H 1
| #define HAVE_INTTYPES_H 1
| #define HAVE_STDINT_H 1
| #define HAVE_UNISTD_H 1
| #define HAVE_DLFCN_H 1
| #define LT_OBJDIR ".libs/"
| /* end confdefs.h.  */
| #include <stdio.h>
| #ifdef HAVE_SYS_TYPES_H
| # include <sys/types.h>
| #endif
| #ifdef HAVE_SYS_STAT_H
| # include <sys/stat.h>
| #endif
| #ifdef STDC_HEADERS
| # include <stdlib.h>
| # include <stddef.h>
| #else
| # ifdef HAVE_STDLIB_H
| #  include <stdlib.h>
| # endif
| #endif
| #ifdef HAVE_STRING_H
| # if !defined STDC_HEADERS && defined HAVE_MEMORY_H
| #  include <memory.h>
| # endif
| # include <string.h>
| #endif
| #ifdef HAVE_STRINGS_H
| # include <strings.h>
| #endif
| #ifdef HAVE_INTTYPES_H
| # include <inttypes.h>
| #endif
| #ifdef HAVE_STDINT_H
| # include <stdint.h>
| #endif
| #ifdef HAVE_UNISTD_H
| # include <unistd.h>
| #endif
| int
| main ()
| {
| if (sizeof (_Bool))
| 	 return 0;
|   ;
|   return 0;
| }
configure:15395: result: no
configure:15411: checking for size_t
configure:15411: g++ -c -g -O2  conftest.cpp >&5
configure:15411: $? = 0
configure:15411: g++ -c -g -O2  conftest.cpp >&5
conftest.cpp: In function 'int main()':
conftest.cpp:60:20: error: expected primary-expression before ')' token
configure:15411: $? = 1
configure: failed program was:
| /* confdefs.h */
| #define PACKAGE_NAME "libmogfs++"
| #define PACKAGE_TARNAME "libmogfspp"
| #define PACKAGE_VERSION "0.1"
| #define PACKAGE_STRING "libmogfs++ 0.1"
| #define PACKAGE_BUGREPORT "jesus@meetup.com"
| #define PACKAGE_URL ""
| #define PACKAGE "libmogfspp"
| #define VERSION "0.1"
| #define STDC_HEADERS 1
| #define HAVE_SYS_TYPES_H 1
| #define HAVE_SYS_STAT_H 1
| #define HAVE_STDLIB_H 1
| #define HAVE_STRING_H 1
| #define HAVE_MEMORY_H 1
| #define HAVE_STRINGS_H 1
| #define HAVE_INTTYPES_H 1
| #define HAVE_STDINT_H 1
| #define HAVE_UNISTD_H 1
| #define HAVE_DLFCN_H 1
| #define LT_OBJDIR ".libs/"
| #define HAVE_STDBOOL_H 1
| /* end confdefs.h.  */
| #include <stdio.h>
| #ifdef HAVE_SYS_TYPES_H
| # include <sys/types.h>
| #endif
| #ifdef HAVE_SYS_STAT_H
| # include <sys/stat.h>
| #endif
| #ifdef STDC_HEADERS
| # include <stdlib.h>
| # include <stddef.h>
| #else
| # ifdef HAVE_STDLIB_H
| #  include <stdlib.h>
| # endif
| #endif
| #ifdef HAVE_STRING_H
| # if !defined STDC_HEADERS && defined HAVE_MEMORY_H
| #  include <memory.h>
| # endif
| # include <string.h>
| #endif
| #ifdef HAVE_STRINGS_H
| # include <strings.h>
| #endif
| #ifdef HAVE_INTTYPES_H
| # include <inttypes.h>
| #endif
| #ifdef HAVE_STDINT_H
| # include <stdint.h>
| #endif
| #ifdef HAVE_UNISTD_H
| # include <unistd.h>
| #endif
| int
| main ()
| {
| if (sizeof ((size_t)))
| 	    return 0;
|   ;
|   return 0;
| }
configure:15411: result: yes
configure:15595: creating ./config.status

## ---------------------- ##
## Running config.status. ##
## ---------------------- ##

This file was extended by libmogfs++ config.status 0.1, which was
generated by GNU Autoconf 2.68.  Invocation command line was

  CONFIG_FILES    = 
  CONFIG_HEADERS  = 
  CONFIG_LINKS    = 
  CONFIG_COMMANDS = 
  $ ./config.status 

on jesus

config.status:1088: creating Makefile
config.status:1088: creating src/Makefile
config.status:1260: executing depfiles commands
config.status:1260: executing libtool commands

## ---------------- ##
## Cache variables. ##
## ---------------- ##

ac_cv_build=x86_64-unknown-linux-gnu
ac_cv_c_compiler_gnu=yes
ac_cv_cxx_compiler_gnu=yes
ac_cv_env_CCC_set=
ac_cv_env_CCC_value=
ac_cv_env_CC_set=
ac_cv_env_CC_value=
ac_cv_env_CFLAGS_set=
ac_cv_env_CFLAGS_value=
ac_cv_env_CPPFLAGS_set=
ac_cv_env_CPPFLAGS_value=
ac_cv_env_CPP_set=
ac_cv_env_CPP_value=
ac_cv_env_CURL_CFLAGS_set=
ac_cv_env_CURL_CFLAGS_value=
ac_cv_env_CURL_LIBS_set=
ac_cv_env_CURL_LIBS_value=
ac_cv_env_CXXCPP_set=
ac_cv_env_CXXCPP_value=
ac_cv_env_CXXFLAGS_set=
ac_cv_env_CXXFLAGS_value=
ac_cv_env_CXX_set=
ac_cv_env_CXX_value=
ac_cv_env_LDFLAGS_set=
ac_cv_env_LDFLAGS_value=
ac_cv_env_LIBS_set=
ac_cv_env_LIBS_value=
ac_cv_env_PCRECPP_CFLAGS_set=
ac_cv_env_PCRECPP_CFLAGS_value=
ac_cv_env_PCRECPP_LIBS_set=
ac_cv_env_PCRECPP_LIBS_value=
ac_cv_env_PKG_CONFIG_LIBDIR_set=
ac_cv_env_PKG_CONFIG_LIBDIR_value=
ac_cv_env_PKG_CONFIG_PATH_set=
ac_cv_env_PKG_CONFIG_PATH_value=
ac_cv_env_PKG_CONFIG_set=
ac_cv_env_PKG_CONFIG_value=
ac_cv_env_SOCKETCPP_CFLAGS_set=
ac_cv_env_SOCKETCPP_CFLAGS_value=
ac_cv_env_SOCKETCPP_LIBS_set=
ac_cv_env_SOCKETCPP_LIBS_value=
ac_cv_env_build_alias_set=
ac_cv_env_build_alias_value=
ac_cv_env_host_alias_set=
ac_cv_env_host_alias_value=
ac_cv_env_target_alias_set=
ac_cv_env_target_alias_value=
ac_cv_header_dlfcn_h=yes
ac_cv_header_inttypes_h=yes
ac_cv_header_memory_h=yes
ac_cv_header_stdbool_h=yes
ac_cv_header_stdc=yes
ac_cv_header_stdint_h=yes
ac_cv_header_stdlib_h=yes
ac_cv_header_string_h=yes
ac_cv_header_strings_h=yes
ac_cv_header_sys_stat_h=yes
ac_cv_header_sys_types_h=yes
ac_cv_header_unistd_h=yes
ac_cv_host=x86_64-unknown-linux-gnu
ac_cv_objext=o
ac_cv_path_EGREP='/bin/grep -E'
ac_cv_path_FGREP='/bin/grep -F'
ac_cv_path_GREP=/bin/grep
ac_cv_path_SED=/bin/sed
ac_cv_path_ac_pt_PKG_CONFIG=/usr/bin/pkg-config
ac_cv_path_install='/usr/bin/install -c'
ac_cv_path_mkdir=/bin/mkdir
ac_cv_prog_AWK=gawk
ac_cv_prog_CPP='gcc -E'
ac_cv_prog_CXXCPP='g++ -E'
ac_cv_prog_ac_ct_AR=ar
ac_cv_prog_ac_ct_CC=gcc
ac_cv_prog_ac_ct_CXX=g++
ac_cv_prog_ac_ct_OBJDUMP=objdump
ac_cv_prog_ac_ct_RANLIB=ranlib
ac_cv_prog_ac_ct_STRIP=strip
ac_cv_prog_cc_c89=
ac_cv_prog_cc_g=yes
ac_cv_prog_cxx_g=yes
ac_cv_prog_make_make_set=yes
ac_cv_type__Bool=no
ac_cv_type_size_t=yes
am_cv_CC_dependencies_compiler_type=gcc3
am_cv_CXX_dependencies_compiler_type=gcc3
lt_cv_ar_at_file=@
lt_cv_archive_cmds_need_lc=no
lt_cv_deplibs_check_method=pass_all
lt_cv_file_magic_cmd='$MAGIC_CMD'
lt_cv_file_magic_test_file=
lt_cv_ld_reload_flag=-r
lt_cv_nm_interface='BSD nm'
lt_cv_objdir=.libs
lt_cv_path_LD=/usr/x86_64-pc-linux-gnu/bin/ld
lt_cv_path_LDCXX='/usr/x86_64-pc-linux-gnu/bin/ld -m elf_x86_64'
lt_cv_path_NM='/usr/bin/nm -B'
lt_cv_path_mainfest_tool=no
lt_cv_prog_compiler_c_o=yes
lt_cv_prog_compiler_c_o_CXX=yes
lt_cv_prog_compiler_pic='-fPIC -DPIC'
lt_cv_prog_compiler_pic_CXX='-fPIC -DPIC'
lt_cv_prog_compiler_pic_works=yes
lt_cv_prog_compiler_pic_works_CXX=yes
lt_cv_prog_compiler_rtti_exceptions=no
lt_cv_prog_compiler_static_works=yes
lt_cv_prog_compiler_static_works_CXX=yes
lt_cv_prog_gnu_ld=yes
lt_cv_prog_gnu_ldcxx=yes
lt_cv_sharedlib_from_linklib_cmd='printf %s\n'
lt_cv_shlibpath_overrides_runpath=yes
lt_cv_sys_global_symbol_pipe='sed -n -e '\''s/^.*[	 ]\([ABCDGIRSTW][ABCDGIRSTW]*\)[	 ][	 ]*\([_A-Za-z][_A-Za-z0-9]*\)$/\1 \2 \2/p'\'' | sed '\''/ __gnu_lto/d'\'''
lt_cv_sys_global_symbol_to_c_name_address='sed -n -e '\''s/^: \([^ ]*\)[ ]*$/  {\"\1\", (void *) 0},/p'\'' -e '\''s/^[ABCDGIRSTW]* \([^ ]*\) \([^ ]*\)$/  {"\2", (void *) \&\2},/p'\'''
lt_cv_sys_global_symbol_to_c_name_address_lib_prefix='sed -n -e '\''s/^: \([^ ]*\)[ ]*$/  {\"\1\", (void *) 0},/p'\'' -e '\''s/^[ABCDGIRSTW]* \([^ ]*\) \(lib[^ ]*\)$/  {"\2", (void *) \&\2},/p'\'' -e '\''s/^[ABCDGIRSTW]* \([^ ]*\) \([^ ]*\)$/  {"lib\2", (void *) \&\2},/p'\'''
lt_cv_sys_global_symbol_to_cdecl='sed -n -e '\''s/^T .* \(.*\)$/extern int \1();/p'\'' -e '\''s/^[ABCDGIRSTW]* .* \(.*\)$/extern char \1;/p'\'''
lt_cv_sys_max_cmd_len=1572864
lt_cv_to_host_file_cmd=func_convert_file_noop
lt_cv_to_tool_file_cmd=func_convert_file_noop
pkg_cv_CURL_CFLAGS=' '
pkg_cv_CURL_LIBS='-lpcrecpp  '
pkg_cv_PCRECPP_CFLAGS=' '
pkg_cv_PCRECPP_LIBS='-lpcrecpp  '
pkg_cv_SOCKETCPP_CFLAGS=' '
pkg_cv_SOCKETCPP_LIBS='-lsocket++  '

## ----------------- ##
## Output variables. ##
## ----------------- ##

ACLOCAL='${SHELL} /tmp/libmogfspp-0.1/missing --run aclocal-1.11'
AMDEPBACKSLASH='\'
AMDEP_FALSE='#'
AMDEP_TRUE=''
AMTAR='${SHELL} /tmp/libmogfspp-0.1/missing --run tar'
AM_BACKSLASH='\'
AM_DEFAULT_VERBOSITY='0'
AR='ar'
AUTOCONF='${SHELL} /tmp/libmogfspp-0.1/missing --run autoconf'
AUTOHEADER='${SHELL} /tmp/libmogfspp-0.1/missing --run autoheader'
AUTOMAKE='${SHELL} /tmp/libmogfspp-0.1/missing --run automake-1.11'
AWK='gawk'
CC='gcc'
CCDEPMODE='depmode=gcc3'
CFLAGS='-g -O2'
CPP='gcc -E'
CPPFLAGS=''
CURL_CFLAGS=' '
CURL_LIBS='-lpcrecpp  '
CXX='g++'
CXXCPP='g++ -E'
CXXDEPMODE='depmode=gcc3'
CXXFLAGS='-g -O2'
CYGPATH_W='echo'
DEBUGSET=''
DEFS='-DPACKAGE_NAME=\"libmogfs++\" -DPACKAGE_TARNAME=\"libmogfspp\" -DPACKAGE_VERSION=\"0.1\" -DPACKAGE_STRING=\"libmogfs++\ 0.1\" -DPACKAGE_BUGREPORT=\"jesus@meetup.com\" -DPACKAGE_URL=\"\" -DPACKAGE=\"libmogfspp\" -DVERSION=\"0.1\" -DSTDC_HEADERS=1 -DHAVE_SYS_TYPES_H=1 -DHAVE_SYS_STAT_H=1 -DHAVE_STDLIB_H=1 -DHAVE_STRING_H=1 -DHAVE_MEMORY_H=1 -DHAVE_STRINGS_H=1 -DHAVE_INTTYPES_H=1 -DHAVE_STDINT_H=1 -DHAVE_UNISTD_H=1 -DHAVE_DLFCN_H=1 -DLT_OBJDIR=\".libs/\" -DHAVE_STDBOOL_H=1'
DEPDIR='.deps'
DLLTOOL='false'
DSYMUTIL=''
DUMPBIN=''
ECHO_C=''
ECHO_N='-n'
ECHO_T=''
EGREP='/bin/grep -E'
EXEEXT=''
FGREP='/bin/grep -F'
GREP='/bin/grep'
INCLUDE_DIR='-I../include'
INSTALL_DATA='${INSTALL} -m 644'
INSTALL_PROGRAM='${INSTALL}'
INSTALL_SCRIPT='${INSTALL}'
INSTALL_STRIP_PROGRAM='$(install_sh) -c -s'
LD='/usr/x86_64-pc-linux-gnu/bin/ld -m elf_x86_64'
LDFLAGS=''
LIBOBJS=''
LIBS=''
LIBTOOL='$(SHELL) $(top_builddir)/libtool'
LIPO=''
LN_S='ln -s'
LTLIBOBJS=''
MAKEINFO='${SHELL} /tmp/libmogfspp-0.1/missing --run makeinfo'
MANIFEST_TOOL=':'
MKDIR_P='/bin/mkdir -p'
NM='/usr/bin/nm -B'
NMEDIT=''
OBJDUMP='objdump'
OBJEXT='o'
OTOOL64=''
OTOOL=''
PACKAGE='libmogfspp'
PACKAGE_BUGREPORT='jesus@meetup.com'
PACKAGE_NAME='libmogfs++'
PACKAGE_STRING='libmogfs++ 0.1'
PACKAGE_TARNAME='libmogfspp'
PACKAGE_URL=''
PACKAGE_VERSION='0.1'
PATH_SEPARATOR=':'
PCRECPP_CFLAGS=' '
PCRECPP_LIBS='-lpcrecpp  '
PKG_CONFIG='/usr/bin/pkg-config'
PKG_CONFIG_LIBDIR=''
PKG_CONFIG_PATH=''
RANLIB='ranlib'
SED='/bin/sed'
SET_MAKE=''
SHELL='/bin/sh'
SOCKETCPP_CFLAGS=' '
SOCKETCPP_LIBS='-lsocket++  '
STRIP='strip'
VERSION='0.1'
ac_ct_AR='ar'
ac_ct_CC='gcc'
ac_ct_CXX='g++'
ac_ct_DUMPBIN=''
am__EXEEXT_FALSE=''
am__EXEEXT_TRUE='#'
am__fastdepCC_FALSE='#'
am__fastdepCC_TRUE=''
am__fastdepCXX_FALSE='#'
am__fastdepCXX_TRUE=''
am__include='include'
am__isrc=''
am__leading_dot='.'
am__quote=''
am__tar='${AMTAR} chof - "$$tardir"'
am__untar='${AMTAR} xf -'
bindir='${exec_prefix}/bin'
build='x86_64-unknown-linux-gnu'
build_alias=''
build_cpu='x86_64'
build_os='linux-gnu'
build_vendor='unknown'
datadir='${datarootdir}'
datarootdir='${prefix}/share'
docdir='${datarootdir}/doc/${PACKAGE_TARNAME}'
dvidir='${docdir}'
exec_prefix='${prefix}'
host='x86_64-unknown-linux-gnu'
host_alias=''
host_cpu='x86_64'
host_os='linux-gnu'
host_vendor='unknown'
htmldir='${docdir}'
includedir='${prefix}/include'
infodir='${datarootdir}/info'
install_sh='${SHELL} /tmp/libmogfspp-0.1/install-sh'
libdir='${exec_prefix}/lib'
libexecdir='${exec_prefix}/libexec'
localedir='${datarootdir}/locale'
localstatedir='${prefix}/var'
mandir='${datarootdir}/man'
mkdir_p='/bin/mkdir -p'
oldincludedir='/usr/include'
pdfdir='${docdir}'
prefix='/usr'
program_transform_name='s,x,x,'
psdir='${docdir}'
sbindir='${exec_prefix}/sbin'
sharedstatedir='${prefix}/com'
sysconfdir='${prefix}/etc'
target_alias=''

## ----------- ##
## confdefs.h. ##
## ----------- ##

/* confdefs.h */
#define PACKAGE_NAME "libmogfs++"
#define PACKAGE_TARNAME "libmogfspp"
#define PACKAGE_VERSION "0.1"
#define PACKAGE_STRING "libmogfs++ 0.1"
#define PACKAGE_BUGREPORT "jesus@meetup.com"
#define PACKAGE_URL ""
#define PACKAGE "libmogfspp"
#define VERSION "0.1"
#define STDC_HEADERS 1
#define HAVE_SYS_TYPES_H 1
#define HAVE_SYS_STAT_H 1
#define HAVE_STDLIB_H 1
#define HAVE_STRING_H 1
#define HAVE_MEMORY_H 1
#define HAVE_STRINGS_H 1
#define HAVE_INTTYPES_H 1
#define HAVE_STDINT_H 1
#define HAVE_UNISTD_H 1
#define HAVE_DLFCN_H 1
#define LT_OBJDIR ".libs/"
#define HAVE_STDBOOL_H 1

configure: exit 0
